[2026-04-19 22:09:50] COMPASS RUN
  - Salud Estructural (relevant/total): 61.76%
  - Health Score (breakdown): 97.57
  - Archivos: 34 (Relevantes: 21)
  - Ciclos detectados: 0
  - Delta vs run previo: total=+0.0, files +0/-0, orphans +0/-0
========================================

[2026-04-19 21:50:57] COMPASS RUN
  - Salud Estructural (relevant/total): 61.76%
  - Health Score (breakdown): 97.57
  - Archivos: 34 (Relevantes: 21)
  - Ciclos detectados: 0
  - Delta vs run previo: total=+0.4, files +0/-1, orphans +0/-0
========================================

[2026-04-19 21:31:14] COMPASS RUN
  - Salud Estructural (relevant/total): 62.86%
  - Health Score (breakdown): 97.17
  - Archivos: 35 (Relevantes: 22)
  - Ciclos detectados: 0
  - Delta vs run previo: total=+0.0, files +0/-0, orphans +0/-0
========================================

[2026-04-19 21:31:02] COMPASS RUN
  - Salud Estructural (relevant/total): 62.86%
  - Health Score (breakdown): 97.17
  - Archivos: 35 (Relevantes: 22)
  - Ciclos detectados: 0
  - Delta vs run previo: total=-0.39, files +1/-0, orphans +0/-0
========================================

[2026-04-19 21:28:24] COMPASS RUN
  - Salud Estructural (relevant/total): 61.76%
  - Health Score (breakdown): 97.56
  - Archivos: 34 (Relevantes: 21)
  - Ciclos detectados: 0
  - Delta vs run previo: total=+0.0, files +0/-0, orphans +0/-0
========================================

[2026-04-19 20:59:58] COMPASS RUN
  - Salud Estructural (relevant/total): 61.76%
  - Health Score (breakdown): 97.56
  - Archivos: 34 (Relevantes: 21)
  - Ciclos detectados: 0
  - Delta vs run previo: total=-0.03, files +0/-1, orphans +0/-0
========================================

[2026-04-19 05:56:28] COMPASS RUN
  - Salud Estructural (relevant/total): 60.0%
  - Health Score (breakdown): 97.59
  - Archivos: 35 (Relevantes: 21)
  - Ciclos detectados: 0
  - Delta vs run previo: total=+1.07, files +0/-1, orphans +0/-1
========================================

[2026-04-19 05:55:59] COMPASS RUN
  - Salud Estructural (relevant/total): 58.33%
  - Health Score (breakdown): 96.52
  - Archivos: 36 (Relevantes: 21)
  - Ciclos detectados: 0
  - Delta vs run previo: total=-1.07, files +1/-0, orphans +1/-0
========================================

[2026-04-19 05:55:07] COMPASS RUN
  - Salud Estructural (relevant/total): 60.0%
  - Health Score (breakdown): 97.59
  - Archivos: 35 (Relevantes: 21)
  - Ciclos detectados: 0
  - Delta vs run previo: total=+0.07, files +1/-0, orphans +0/-0
========================================

[2026-04-19 05:49:52] COMPASS RUN
  - Salud Estructural (relevant/total): 61.76%
  - Health Score (breakdown): 97.52
  - Archivos: 34 (Relevantes: 21)
  - Ciclos detectados: 0
  - Delta vs run previo: total=+0.06, files +1/-0, orphans +0/-0
========================================

[2026-04-19 05:19:08] COMPASS RUN
  - Salud Estructural (relevant/total): 63.64%
  - Health Score (breakdown): 97.46
  - Archivos: 33 (Relevantes: 21)
  - Ciclos detectados: 0
  - Delta vs run previo: total=+0.0, files +0/-0, orphans +0/-0
========================================

[2026-04-19 05:06:14] COMPASS RUN
  - Salud Estructural (relevant/total): 63.64%
  - Health Score (breakdown): 97.46
  - Archivos: 33 (Relevantes: 21)
  - Ciclos detectados: 0
  - Delta vs run previo: total=+0.0, files +0/-0, orphans +0/-0
========================================

[2026-04-19 05:05:49] COMPASS RUN
  - Salud Estructural (relevant/total): 63.64%
  - Health Score (breakdown): 97.46
  - Archivos: 33 (Relevantes: 21)
  - Ciclos detectados: 0
  - Delta vs run previo: total=+0.0, files +0/-0, orphans +0/-0
========================================

[2026-04-19 04:56:52] COMPASS RUN
  - Salud Estructural (relevant/total): 63.64%
  - Health Score (breakdown): 97.46
  - Archivos: 33 (Relevantes: 21)
  - Ciclos detectados: 0
  - Delta vs run previo: total=+0.07, files +1/-0, orphans +0/-0
========================================

[2026-04-19 04:39:18] COMPASS RUN
  - Salud Estructural (relevant/total): 62.5%
  - Health Score (breakdown): 97.39
  - Archivos: 32 (Relevantes: 20)
  - Ciclos detectados: 0
  - Delta vs run previo: total=+2.5, files +0/-0, orphans +0/-2
========================================

[2026-04-19 03:19:44] COMPASS RUN
  - Salud Estructural (relevant/total): 62.5%
  - Health Score (breakdown): 94.89
  - Archivos: 32 (Relevantes: 20)
  - Ciclos detectados: 0
  - Delta vs run previo: total=+2.55, files +0/-0, orphans +0/-2
========================================

[2026-04-19 01:32:09] COMPASS RUN
  - Salud Estructural (relevant/total): 62.5%
  - Health Score (breakdown): 93.64
  - Archivos: 32 (Relevantes: 20)
  - Ciclos detectados: 0
========================================

[2026-04-19 01:20:07] COMPASS RUN
  - Salud Estructural (relevant/total): 59.38%
  - Health Score (breakdown): 93.63
  - Archivos: 32 (Relevantes: 19)
  - Ciclos detectados: 0
========================================

[2026-04-19 01:16:02] COMPASS RUN
  - Salud Estructural (relevant/total): 59.38%
  - Health Score (breakdown): 93.63
  - Archivos: 32 (Relevantes: 19)
  - Ciclos detectados: 0
========================================

[2026-04-19 00:36:24] COMPASS RUN
  - Salud Estructural (relevant/total): 56.25%
  - Health Score (breakdown): 92.34
  - Archivos: 32 (Relevantes: 18)
  - Ciclos detectados: 0
  - Delta vs run previo: total=+0.01, files +0/-0, orphans +0/-0
========================================

[2026-04-19 00:09:26] COMPASS RUN
  - Salud Estructural (relevant/total): 56.25%
  - Health Score (breakdown): 92.33
  - Archivos: 32 (Relevantes: 18)
  - Ciclos detectados: 0
  - Delta vs run previo: total=+0.22, files +1/-0, orphans +0/-0
========================================

[2026-04-18 23:45:26] COMPASS RUN
  - Salud Estructural (relevant/total): 54.84%
  - Health Score (breakdown): 92.11
  - Archivos: 31 (Relevantes: 17)
  - Ciclos detectados: 0
  - Delta vs run previo: total=+4.55, files +2/-0, orphans +1/-3
========================================

[2026-04-18 04:36:14] COMPASS RUN
  - Salud Estructural (relevant/total): 51.72%
  - Health Score (breakdown): 87.56
  - Archivos: 29 (Relevantes: 15)
  - Ciclos detectados: 0
  - Delta vs run previo: total=+0.0, files +0/-0, orphans +0/-0
========================================

[2026-04-18 04:33:40] COMPASS RUN
  - Salud Estructural (relevant/total): 51.72%
  - Health Score (breakdown): 87.56
  - Archivos: 29 (Relevantes: 15)
  - Ciclos detectados: 0
  - Delta vs run previo: total=+0.97, files +0/-1, orphans +0/-1
========================================

[2026-04-18 04:32:45] COMPASS RUN
  - Salud Estructural (relevant/total): 50.0%
  - Health Score (breakdown): 86.59
  - Archivos: 30 (Relevantes: 15)
  - Ciclos detectados: 0
  - Delta vs run previo: total=-0.97, files +1/-0, orphans +1/-0
========================================

[2026-04-18 04:32:27] COMPASS RUN
  - Salud Estructural (relevant/total): 51.72%
  - Health Score (breakdown): 87.56
  - Archivos: 29 (Relevantes: 15)
  - Ciclos detectados: 0
  - Delta vs run previo: total=+2.76, files +0/-0, orphans +0/-2
========================================

[2026-04-18 04:28:04] COMPASS RUN
  - Salud Estructural (relevant/total): 51.72%
  - Health Score (breakdown): 84.8
  - Archivos: 29 (Relevantes: 15)
  - Ciclos detectados: 0
  - Delta vs run previo: total=+0.51, files +1/-0, orphans +0/-0
========================================

[2026-04-18 03:36:10] COMPASS RUN
  - Salud Estructural (relevant/total): 53.57%
  - Health Score (breakdown): 84.29
  - Archivos: 28 (Relevantes: 15)
  - Ciclos detectados: 0
  - Delta vs run previo: total=+0.0, files +0/-0, orphans +0/-0
========================================

[2026-04-18 03:24:26] COMPASS RUN
  - Salud Estructural (relevant/total): 53.57%
  - Health Score (breakdown): 84.29
  - Archivos: 28 (Relevantes: 15)
  - Ciclos detectados: 0
  - Delta vs run previo: total=+0.0, files +0/-0, orphans +0/-0
========================================

[2026-04-18 02:50:04] COMPASS RUN
  - Salud Estructural (relevant/total): 53.57%
  - Health Score (breakdown): 84.29
  - Archivos: 28 (Relevantes: 15)
  - Ciclos detectados: 0
  - Delta vs run previo: total=+0.0, files +0/-0, orphans +0/-0
========================================

[2026-04-18 02:48:23] COMPASS RUN
  - Salud Estructural (relevant/total): 53.57%
  - Health Score (breakdown): 84.29
  - Archivos: 28 (Relevantes: 15)
  - Ciclos detectados: 0
  - Delta vs run previo: total=+3.94, files +0/-5, orphans +0/-5
========================================

[2026-04-18 02:30:32] COMPASS RUN
  - Salud Estructural (relevant/total): 53.57%
  - Health Score (breakdown): 84.27
  - Archivos: 28 (Relevantes: 15)
  - Ciclos detectados: 0
  - Delta vs run previo: total=+3.92, files +0/-5, orphans +0/-5
========================================

[2026-04-18 00:46:55] COMPASS RUN
  - Salud Estructural (relevant/total): 53.57%
  - Health Score (breakdown): 84.27
  - Archivos: 28 (Relevantes: 15)
  - Ciclos detectados: 0
========================================

[2026-04-17 22:37:40] COMPASS RUN
  - Salud Estructural (relevant/total): 53.57%
  - Health Score (breakdown): 84.27
  - Archivos: 28 (Relevantes: 15)
  - Ciclos detectados: 0
  - Delta vs run previo: total=+3.92, files +0/-5, orphans +0/-5
========================================

[2026-04-17 22:35:28] COMPASS RUN
  - Salud Estructural (relevant/total): 45.45%
  - Health Score (breakdown): 80.35
  - Archivos: 33 (Relevantes: 15)
  - Ciclos detectados: 0
  - Delta vs run previo: total=+0.68, files +1/-0, orphans +0/-0
========================================

[2026-04-17 22:35:08] COMPASS RUN
  - Salud Estructural (relevant/total): 45.45%
  - Health Score (breakdown): 80.35
  - Archivos: 33 (Relevantes: 15)
  - Ciclos detectados: 0
  - Delta vs run previo: total=+0.68, files +1/-0, orphans +0/-0
========================================

[2026-04-17 22:30:26] COMPASS RUN
  - Salud Estructural (relevant/total): 43.75%
  - Health Score (breakdown): 79.67
  - Archivos: 32 (Relevantes: 14)
  - Ciclos detectados: 0
  - Delta vs run previo: total=+0.0, files +0/-0, orphans +0/-0
========================================

[2026-04-17 22:30:10] COMPASS RUN
  - Salud Estructural (relevant/total): 43.75%
  - Health Score (breakdown): 79.67
  - Archivos: 32 (Relevantes: 14)
  - Ciclos detectados: 0
  - Delta vs run previo: total=+0.0, files +0/-0, orphans +0/-0
========================================

[2026-04-17 22:27:43] COMPASS RUN
  - Salud Estructural (relevant/total): 43.75%
  - Health Score (breakdown): 79.67
  - Archivos: 32 (Relevantes: 14)
  - Ciclos detectados: 0
  - Delta vs run previo: total=-3.06, files +4/-0, orphans +4/-0
========================================

[2026-04-17 22:27:04] COMPASS RUN
  - Salud Estructural (relevant/total): 43.75%
  - Health Score (breakdown): 79.67
  - Archivos: 32 (Relevantes: 14)
  - Ciclos detectados: 0
========================================

[2026-04-17 22:26:55] COMPASS RUN
  - Salud Estructural (relevant/total): 43.75%
  - Health Score (breakdown): 79.67
  - Archivos: 32 (Relevantes: 14)
  - Ciclos detectados: 0
  - Delta vs run previo: total=-3.06, files +4/-0, orphans +4/-0
========================================

[2026-04-17 22:26:26] COMPASS RUN
  - Salud Estructural (relevant/total): 43.75%
  - Health Score (breakdown): 79.67
  - Archivos: 32 (Relevantes: 14)
  - Ciclos detectados: 0
  - Delta vs run previo: total=-3.06, files +4/-0, orphans +4/-0
========================================

[2026-04-17 22:02:39] COMPASS RUN
  - Salud Estructural (relevant/total): 50.0%
  - Health Score (breakdown): 82.73
  - Archivos: 28 (Relevantes: 14)
  - Ciclos detectados: 0
  - Delta vs run previo: total=-0.9, files +1/-0, orphans +1/-0
========================================

[2026-04-17 22:01:29] COMPASS RUN
  - Salud Estructural (relevant/total): 51.85%
  - Health Score (breakdown): 83.63
  - Archivos: 27 (Relevantes: 14)
  - Ciclos detectados: 0
  - Delta vs run previo: total=-0.9, files +2/-0, orphans +1/-1
========================================

[2026-04-17 20:25:13] COMPASS RUN
  - Salud Estructural (relevant/total): 48.0%
  - Health Score (breakdown): 84.53
  - Archivos: 25 (Relevantes: 12)
  - Ciclos detectados: 0
  - Delta vs run previo: total=+2.09, files +3/-0, orphans +0/-0
========================================

[2026-04-17 19:59:40] COMPASS RUN
  - Salud Estructural (relevant/total): 45.45%
  - Health Score (breakdown): 82.44
  - Archivos: 22 (Relevantes: 10)
  - Ciclos detectados: 0
  - Delta vs run previo: total=+5.25, files +5/-0, orphans +0/-0
========================================

[2026-04-17 19:19:27] COMPASS RUN
  - Salud Estructural (relevant/total): 41.18%
  - Health Score (breakdown): 77.19
  - Archivos: 17 (Relevantes: 7)
  - Ciclos detectados: 0
  - Delta vs run previo: total=+0.0, files +0/-0, orphans +0/-0
========================================

[2026-04-17 11:44:51] COMPASS RUN
  - Salud Estructural (relevant/total): 41.18%
  - Health Score (breakdown): 77.19
  - Archivos: 17 (Relevantes: 7)
  - Ciclos detectados: 0
  - Delta vs run previo: total=-1.11, files +1/-0, orphans +1/-0
========================================

[2026-04-17 09:20:34] COMPASS RUN
  - Salud Estructural (relevant/total): 43.75%
  - Health Score (breakdown): 78.3
  - Archivos: 16 (Relevantes: 7)
  - Ciclos detectados: 0
  - Delta vs run previo: total=+3.46, files +0/-0, orphans +0/-1
========================================

[2026-04-17 09:16:19] COMPASS RUN
  - Salud Estructural (relevant/total): 43.75%
  - Health Score (breakdown): 74.84
  - Archivos: 16 (Relevantes: 7)
  - Ciclos detectados: 0
  - Delta vs run previo: total=+0.0, files +0/-0, orphans +0/-0
========================================

[2026-04-17 07:05:36] COMPASS RUN
  - Salud Estructural (relevant/total): 43.75%
  - Health Score (breakdown): 74.84
  - Archivos: 16 (Relevantes: 7)
  - Ciclos detectados: 0
  - Delta vs run previo: total=+0.0, files +0/-0, orphans +0/-0
========================================

[2026-04-17 07:03:23] COMPASS RUN
  - Salud Estructural (relevant/total): 43.75%
  - Health Score (breakdown): 74.84
  - Archivos: 16 (Relevantes: 7)
  - Ciclos detectados: 0
  - Delta vs run previo: total=+0.0, files +0/-0, orphans +0/-0
========================================

[2026-04-17 06:36:19] COMPASS RUN
  - Salud Estructural (relevant/total): 43.75%
  - Health Score (breakdown): 74.84
  - Archivos: 16 (Relevantes: 7)
  - Ciclos detectados: 0
  - Delta vs run previo: total=+0.0, files +0/-0, orphans +0/-0
========================================

[2026-04-17 06:35:14] COMPASS RUN
  - Salud Estructural (relevant/total): 43.75%
  - Health Score (breakdown): 74.84
  - Archivos: 16 (Relevantes: 7)
  - Ciclos detectados: 0
  - Delta vs run previo: total=+0.0, files +0/-0, orphans +0/-0
========================================

[2026-04-17 06:24:34] COMPASS RUN
  - Salud Estructural (relevant/total): 43.75%
  - Health Score (breakdown): 74.84
  - Archivos: 16 (Relevantes: 7)
  - Ciclos detectados: 0
  - Delta vs run previo: total=+1.67, files +1/-0, orphans +0/-0
========================================

[2026-04-17 05:04:41] COMPASS RUN
  - Salud Estructural (relevant/total): 46.67%
  - Health Score (breakdown): 73.17
  - Archivos: 15 (Relevantes: 7)
  - Ciclos detectados: 0
  - Delta vs run previo: total=+0.0, files +0/-0, orphans +0/-0
========================================

[2026-04-17 04:45:53] COMPASS RUN
  - Salud Estructural (relevant/total): 46.67%
  - Health Score (breakdown): 73.17
  - Archivos: 15 (Relevantes: 7)
  - Ciclos detectados: 0
  - Delta vs run previo: total=+0.08, files +0/-0, orphans +0/-0
========================================

[2026-04-17 04:31:19] COMPASS RUN
  - Salud Estructural (relevant/total): 46.67%
  - Health Score (breakdown): 73.09
  - Archivos: 15 (Relevantes: 7)
  - Ciclos detectados: 0
  - Delta vs run previo: total=+0.0, files +0/-0, orphans +0/-0
========================================

[2026-04-17 04:31:09] COMPASS RUN
  - Salud Estructural (relevant/total): 46.67%
  - Health Score (breakdown): 73.09
  - Archivos: 15 (Relevantes: 7)
  - Ciclos detectados: 0
  - Delta vs run previo: total=+0.0, files +0/-0, orphans +0/-0
========================================

[2026-04-17 04:30:58] COMPASS RUN
  - Salud Estructural (relevant/total): 46.67%
  - Health Score (breakdown): 73.09
  - Archivos: 15 (Relevantes: 7)
  - Ciclos detectados: 0
  - Delta vs run previo: total=+0.0, files +0/-0, orphans +0/-0
========================================

[2026-04-17 04:30:47] COMPASS RUN
  - Salud Estructural (relevant/total): 46.67%
  - Health Score (breakdown): 73.09
  - Archivos: 15 (Relevantes: 7)
  - Ciclos detectados: 0
  - Delta vs run previo: total=+0.0, files +0/-0, orphans +0/-0
========================================

[2026-04-17 03:46:34] COMPASS RUN
  - Salud Estructural (relevant/total): 46.67%
  - Health Score (breakdown): 73.09
  - Archivos: 15 (Relevantes: 7)
  - Ciclos detectados: 0
  - Delta vs run previo: total=+0.0, files +0/-0, orphans +0/-0
========================================

[2026-04-17 02:47:12] COMPASS RUN
  - Salud Estructural (relevant/total): 46.67%
  - Health Score (breakdown): 73.09
  - Archivos: 15 (Relevantes: 7)
  - Ciclos detectados: 0
  - Delta vs run previo: total=+0.0, files +0/-0, orphans +0/-0
========================================

[2026-04-17 02:24:24] COMPASS RUN
  - Salud Estructural (relevant/total): 46.67%
  - Health Score (breakdown): 73.09
  - Archivos: 15 (Relevantes: 7)
  - Ciclos detectados: 0
  - Delta vs run previo: total=+0.0, files +0/-0, orphans +0/-0
========================================

[2026-04-17 01:45:50] COMPASS RUN
  - Salud Estructural (relevant/total): 46.67%
  - Health Score (breakdown): 73.09
  - Archivos: 15 (Relevantes: 7)
  - Ciclos detectados: 0
  - Delta vs run previo: total=+0.0, files +0/-0, orphans +0/-0
========================================

[2026-04-17 01:44:50] COMPASS RUN
  - Salud Estructural (relevant/total): 46.67%
  - Health Score (breakdown): 73.09
  - Archivos: 15 (Relevantes: 7)
  - Ciclos detectados: 0
  - Delta vs run previo: total=+0.0, files +0/-0, orphans +0/-0
========================================

[2026-04-16 21:49:18] COMPASS RUN
  - Salud Estructural (relevant/total): 46.67%
  - Health Score (breakdown): 73.09
  - Archivos: 15 (Relevantes: 7)
  - Ciclos detectados: 0
  - Delta vs run previo: total=+0.0, files +0/-0, orphans +0/-0
========================================

[2026-04-16 20:33:49] COMPASS RUN
  - Salud Estructural (relevant/total): 46.67%
  - Health Score (breakdown): 73.09
  - Archivos: 15 (Relevantes: 7)
  - Ciclos detectados: 0
  - Delta vs run previo: total=+0.0, files +0/-0, orphans +0/-0
========================================

[2026-04-16 20:24:50] COMPASS RUN
  - Salud Estructural (relevant/total): 46.67%
  - Health Score (breakdown): 73.09
  - Archivos: 15 (Relevantes: 7)
  - Ciclos detectados: 0
  - Delta vs run previo: total=+0.0, files +0/-0, orphans +0/-0
========================================

[2026-04-16 20:16:36] COMPASS RUN
  - Salud Estructural (relevant/total): 46.67%
  - Health Score (breakdown): 73.09
  - Archivos: 15 (Relevantes: 7)
  - Ciclos detectados: 0
  - Delta vs run previo: total=+0.0, files +0/-0, orphans +0/-0
========================================

[2026-04-16 20:16:27] COMPASS RUN
  - Salud Estructural (relevant/total): 46.67%
  - Health Score (breakdown): 73.09
  - Archivos: 15 (Relevantes: 7)
  - Ciclos detectados: 0
  - Delta vs run previo: total=+0.0, files +0/-0, orphans +0/-0
========================================

[2026-04-16 20:16:17] COMPASS RUN
  - Salud Estructural (relevant/total): 46.67%
  - Health Score (breakdown): 73.09
  - Archivos: 15 (Relevantes: 7)
  - Ciclos detectados: 0
  - Delta vs run previo: total=-0.58, files +0/-0, orphans +0/-0
========================================

[2026-04-16 20:05:48] COMPASS RUN
  - Salud Estructural (relevant/total): 40.0%
  - Health Score (breakdown): 73.67
  - Archivos: 15 (Relevantes: 6)
  - Ciclos detectados: 0
  - Delta vs run previo: total=+0.0, files +0/-0, orphans +0/-0
========================================

[2026-04-16 20:05:41] COMPASS RUN
  - Salud Estructural (relevant/total): 40.0%
  - Health Score (breakdown): 73.67
  - Archivos: 15 (Relevantes: 6)
  - Ciclos detectados: 0
  - Delta vs run previo: total=+0.0, files +0/-0, orphans +0/-0
========================================

[2026-04-16 20:05:27] COMPASS RUN
  - Salud Estructural (relevant/total): 40.0%
  - Health Score (breakdown): 73.67
  - Archivos: 15 (Relevantes: 6)
  - Ciclos detectados: 0
  - Delta vs run previo: total=+0.0, files +0/-0, orphans +0/-0
========================================

[2026-04-16 19:30:08] COMPASS RUN
  - Salud Estructural (relevant/total): 40.0%
  - Health Score (breakdown): 73.67
  - Archivos: 15 (Relevantes: 6)
  - Ciclos detectados: 0
  - Delta vs run previo: total=+0.0, files +0/-0, orphans +0/-0
========================================

[2026-04-16 19:27:43] COMPASS RUN
  - Salud Estructural (relevant/total): 40.0%
  - Health Score (breakdown): 73.67
  - Archivos: 15 (Relevantes: 6)
  - Ciclos detectados: 0
  - Delta vs run previo: total=+0.0, files +0/-0, orphans +0/-0
========================================

[2026-04-16 19:19:21] COMPASS RUN
  - Salud Estructural (relevant/total): 40.0%
  - Health Score (breakdown): 73.67
  - Archivos: 15 (Relevantes: 6)
  - Ciclos detectados: 0
  - Delta vs run previo: total=+0.0, files +0/-0, orphans +0/-0
========================================

[2026-04-16 19:18:30] COMPASS RUN
  - Salud Estructural (relevant/total): 40.0%
  - Health Score (breakdown): 73.67
  - Archivos: 15 (Relevantes: 6)
  - Ciclos detectados: 0
  - Delta vs run previo: total=+1.11, files +0/-0, orphans +0/-0
========================================

[2026-04-16 19:17:55] COMPASS RUN
  - Salud Estructural (relevant/total): 46.67%
  - Health Score (breakdown): 72.56
  - Archivos: 15 (Relevantes: 7)
  - Ciclos detectados: 0
  - Delta vs run previo: total=-0.04, files +0/-0, orphans +0/-0
========================================

[2026-04-16 19:15:14] COMPASS RUN
  - Salud Estructural (relevant/total): 46.67%
  - Health Score (breakdown): 72.6
  - Archivos: 15 (Relevantes: 7)
  - Ciclos detectados: 0
  - Delta vs run previo: total=-1.07, files +0/-0, orphans +0/-0
========================================

[2026-04-16 18:53:30] COMPASS RUN
  - Salud Estructural (relevant/total): 40.0%
  - Health Score (breakdown): 73.67
  - Archivos: 15 (Relevantes: 6)
  - Ciclos detectados: 0
  - Delta vs run previo: total=+0.0, files +0/-0, orphans +0/-0
========================================

[2026-04-16 18:52:55] COMPASS RUN
  - Salud Estructural (relevant/total): 40.0%
  - Health Score (breakdown): 73.67
  - Archivos: 15 (Relevantes: 6)
  - Ciclos detectados: 0
  - Delta vs run previo: total=+8.46, files +0/-0, orphans +0/-0
========================================

[2026-04-16 18:52:22] COMPASS RUN
  - Salud Estructural (relevant/total): 80.0%
  - Health Score (breakdown): 65.21
  - Archivos: 15 (Relevantes: 12)
  - Ciclos detectados: 0
  - Delta vs run previo: total=-8.46, files +0/-0, orphans +0/-0
========================================

[2026-04-16 18:14:42] COMPASS RUN
  - Salud Estructural (relevant/total): 40.0%
  - Health Score (breakdown): 73.67
  - Archivos: 15 (Relevantes: 6)
  - Ciclos detectados: 0
  - Delta vs run previo: total=+0.0, files +0/-0, orphans +0/-0
========================================

[2026-04-16 18:14:29] COMPASS RUN
  - Salud Estructural (relevant/total): 40.0%
  - Health Score (breakdown): 73.67
  - Archivos: 15 (Relevantes: 6)
  - Ciclos detectados: 0
  - Delta vs run previo: total=+8.34, files +0/-0, orphans +0/-0
========================================

[2026-04-16 17:58:44] COMPASS RUN
  - Salud Estructural (relevant/total): 80.0%
  - Health Score (breakdown): 65.33
  - Archivos: 15 (Relevantes: 12)
  - Ciclos detectados: 0
  - Delta vs run previo: total=+0.0, files +0/-0, orphans +0/-0
========================================

[2026-04-16 17:55:38] COMPASS RUN
  - Salud Estructural (relevant/total): 80.0%
  - Health Score (breakdown): 65.33
  - Archivos: 15 (Relevantes: 12)
  - Ciclos detectados: 0
  - Delta vs run previo: total=-8.34, files +0/-0, orphans +0/-0
========================================

[2026-04-16 17:09:56] COMPASS RUN
  - Salud Estructural (relevant/total): 40.0%
  - Health Score (breakdown): 73.67
  - Archivos: 15 (Relevantes: 6)
  - Ciclos detectados: 0
  - Delta vs run previo: total=+7.27, files +0/-10, orphans +0/-10
========================================

[2026-04-16 16:51:44] COMPASS RUN
  - Salud Estructural (relevant/total): 36.0%
  - Health Score (breakdown): 66.4
  - Archivos: 25 (Relevantes: 9)
  - Ciclos detectados: 0
  - Delta vs run previo: total=+0.0, files +0/-0, orphans +0/-0
========================================

[2026-04-16 16:51:33] COMPASS RUN
  - Salud Estructural (relevant/total): 36.0%
  - Health Score (breakdown): 66.4
  - Archivos: 25 (Relevantes: 9)
  - Ciclos detectados: 0
  - Delta vs run previo: total=+0.0, files +0/-0, orphans +0/-0
========================================

[2026-04-16 16:49:41] COMPASS RUN
  - Salud Estructural (relevant/total): 36.0%
  - Health Score (breakdown): 66.4
  - Archivos: 25 (Relevantes: 9)
  - Ciclos detectados: 0
  - Delta vs run previo: total=-7.27, files +10/-0, orphans +10/-0
========================================

[2026-04-16 15:40:13] COMPASS RUN
  - Salud Estructural (relevant/total): 40.0%
  - Health Score (breakdown): 73.67
  - Archivos: 15 (Relevantes: 6)
  - Ciclos detectados: 0
  - Delta vs run previo: total=+0.0, files +0/-0, orphans +0/-0
========================================

[2026-04-16 15:33:42] COMPASS RUN
  - Salud Estructural (relevant/total): 40.0%
  - Health Score (breakdown): 73.67
  - Archivos: 15 (Relevantes: 6)
  - Ciclos detectados: 0
  - Delta vs run previo: total=+1.88, files +1/-0, orphans +0/-0
========================================

[2026-04-16 06:18:29] COMPASS RUN
  - Salud Estructural (relevant/total): 42.86%
  - Health Score (breakdown): 71.79
  - Archivos: 14 (Relevantes: 6)
  - Ciclos detectados: 0
  - Delta vs run previo: total=+0.0, files +0/-0, orphans +0/-0
========================================

[2026-04-16 06:08:33] COMPASS RUN
  - Salud Estructural (relevant/total): 42.86%
  - Health Score (breakdown): 71.79
  - Archivos: 14 (Relevantes: 6)
  - Ciclos detectados: 0
  - Delta vs run previo: total=+0.0, files +0/-0, orphans +0/-0
========================================

[2026-04-16 05:57:47] COMPASS RUN
  - Salud Estructural (relevant/total): 42.86%
  - Health Score (breakdown): 71.79
  - Archivos: 14 (Relevantes: 6)
  - Ciclos detectados: 0
  - Delta vs run previo: total=+0.0, files +0/-0, orphans +0/-0
========================================

[2026-04-16 04:34:11] COMPASS RUN
  - Salud Estructural (relevant/total): 42.86%
  - Health Score (breakdown): 71.79
  - Archivos: 14 (Relevantes: 6)
  - Ciclos detectados: 0
  - Delta vs run previo: total=+0.0, files +0/-0, orphans +0/-0
========================================

[2026-04-16 04:25:10] COMPASS RUN
  - Salud Estructural (relevant/total): 42.86%
  - Health Score (breakdown): 71.79
  - Archivos: 14 (Relevantes: 6)
  - Ciclos detectados: 0
  - Delta vs run previo: total=+0.0, files +0/-0, orphans +0/-0
========================================

[2026-04-16 04:24:37] COMPASS RUN
  - Salud Estructural (relevant/total): 42.86%
  - Health Score (breakdown): 71.79
  - Archivos: 14 (Relevantes: 6)
  - Ciclos detectados: 0
  - Delta vs run previo: total=+0.0, files +0/-0, orphans +0/-0
========================================

[2026-04-16 04:24:36] COMPASS RUN
  - Salud Estructural (relevant/total): 42.86%
  - Health Score (breakdown): 71.79
  - Archivos: 14 (Relevantes: 6)
  - Ciclos detectados: 0
  - Delta vs run previo: total=+0.0, files +0/-0, orphans +0/-0
========================================

[2026-04-16 04:14:28] COMPASS RUN
  - Salud Estructural (relevant/total): 42.86%
  - Health Score (breakdown): 71.79
  - Archivos: 14 (Relevantes: 6)
  - Ciclos detectados: 0
  - Delta vs run previo: total=+0.0, files +0/-0, orphans +0/-0
========================================

[2026-04-16 04:14:27] COMPASS RUN
  - Salud Estructural (relevant/total): 42.86%
  - Health Score (breakdown): 71.79
  - Archivos: 14 (Relevantes: 6)
  - Ciclos detectados: 0
  - Delta vs run previo: total=+0.0, files +0/-0, orphans +0/-0
========================================

[2026-04-16 04:10:59] COMPASS RUN
  - Salud Estructural (relevant/total): 42.86%
  - Health Score (breakdown): 71.79
  - Archivos: 14 (Relevantes: 6)
  - Ciclos detectados: 0
  - Delta vs run previo: total=+0.0, files +0/-0, orphans +0/-0
========================================

[2026-04-16 04:06:18] COMPASS RUN
  - Salud Estructural (relevant/total): 42.86%
  - Health Score (breakdown): 71.79
  - Archivos: 14 (Relevantes: 6)
  - Ciclos detectados: 0
  - Delta vs run previo: total=+2.17, files +1/-0, orphans +0/-0
========================================

[2026-04-16 03:46:40] COMPASS RUN
  - Salud Estructural (relevant/total): 46.15%
  - Health Score (breakdown): 69.62
  - Archivos: 13 (Relevantes: 6)
  - Ciclos detectados: 0
  - Delta vs run previo: total=+2.29, files +0/-2, orphans +0/-2
========================================

[2026-04-16 03:38:45] COMPASS RUN
  - Salud Estructural (relevant/total): 46.67%
  - Health Score (breakdown): 67.33
  - Archivos: 15 (Relevantes: 7)
  - Ciclos detectados: 0
  - Delta vs run previo: total=+0.0, files +0/-0, orphans +0/-0
========================================

[2026-04-16 03:33:04] COMPASS RUN
  - Salud Estructural (relevant/total): 46.67%
  - Health Score (breakdown): 67.33
  - Archivos: 15 (Relevantes: 7)
  - Ciclos detectados: 0
  - Delta vs run previo: total=+0.0, files +0/-0, orphans +0/-0
========================================

[2026-04-16 03:32:46] COMPASS RUN
  - Salud Estructural (relevant/total): 46.67%
  - Health Score (breakdown): 67.33
  - Archivos: 15 (Relevantes: 7)
  - Ciclos detectados: 0
========================================

[2026-04-16 03:11:56] COMPASS RUN
  - Salud Estructural: 46.15%
  - Archivos: 13 (Relevantes: 6)
========================================

[2026-04-16 03:10:33] COMPASS RUN
  - Salud Estructural: 46.15%
  - Archivos: 13 (Relevantes: 6)
========================================

[2026-04-16 03:08:43] COMPASS RUN
  - Salud Estructural: 46.15%
  - Archivos: 13 (Relevantes: 6)
========================================

[2026-04-16 03:08:07] COMPASS RUN
  - Salud Estructural: 46.15%
  - Archivos: 13 (Relevantes: 6)
========================================

[2026-04-16 03:07:19] COMPASS RUN
  - Salud Estructural: 46.15%
  - Archivos: 13 (Relevantes: 6)
========================================

[2026-04-16 01:43:44] COMPASS RUN
  - Salud Estructural: 50.0%
  - Archivos: 12 (Relevantes: 6)
========================================

[2026-04-16 01:41:33] COMPASS RUN
  - Salud Estructural: 50.0%
  - Archivos: 12 (Relevantes: 6)
========================================

[2026-04-16 01:08:18] COMPASS RUN
  - Salud Estructural: 50.0%
  - Archivos: 12 (Relevantes: 6)
========================================

[2026-04-16 01:05:32] COMPASS RUN
  - Salud Estructural: 50.0%
  - Archivos: 12 (Relevantes: 6)
========================================

[2026-04-16 00:18:08] COMPASS RUN
  - Salud Estructural: 50.0%
  - Archivos: 12 (Relevantes: 6)
========================================

